[debug] [2025-02-09T17:08:20.801Z] ----------------------------------------------------------------------
[debug] [2025-02-09T17:08:20.804Z] Command:       C:\Program Files\nodejs\node.exe C:\Users\User\AppData\Roaming\npm\node_modules\firebase-tools\lib\bin\firebase.js init
[debug] [2025-02-09T17:08:20.804Z] CLI Version:   13.30.0
[debug] [2025-02-09T17:08:20.804Z] Platform:      win32
[debug] [2025-02-09T17:08:20.804Z] Node Version:  v20.17.0
[debug] [2025-02-09T17:08:20.804Z] Time:          Sun Feb 09 2025 19:08:20 GMT+0200 (Eastern European Standard Time)
[debug] [2025-02-09T17:08:20.805Z] ----------------------------------------------------------------------
[debug] 
[debug] [2025-02-09T17:08:20.810Z] > command requires scopes: ["email","openid","https://www.googleapis.com/auth/cloudplatformprojects.readonly","https://www.googleapis.com/auth/firebase","https://www.googleapis.com/auth/cloud-platform"]
[debug] [2025-02-09T17:08:20.811Z] > authorizing via signed-in user (fncrobert3@gmail.com)
[info] 
     ######## #### ########  ######## ########     ###     ######  ########
     ##        ##  ##     ## ##       ##     ##  ##   ##  ##       ##
     ######    ##  ########  ######   ########  #########  ######  ######
     ##        ##  ##    ##  ##       ##     ## ##     ##       ## ##
     ##       #### ##     ## ######## ########  ##     ##  ######  ########

You're about to initialize a Firebase project in this directory:

  C:\Users\User\Desktop\techTrekNTT\AngularAppTemplate\app-template-project

[info] 
=== Project Setup
[info] 
[info] First, let's associate this project directory with a Firebase project.
[info] You can create multiple project aliases by running firebase use --add, 
[info] but for now we'll just set up a default project.
[info] 
[debug] [2025-02-09T17:08:30.226Z] Checked if tokens are valid: true, expires at: 1739123907274
[debug] [2025-02-09T17:08:30.227Z] Checked if tokens are valid: true, expires at: 1739123907274
[debug] [2025-02-09T17:08:30.233Z] >>> [apiv2][query] GET https://firebase.googleapis.com/v1beta1/projects pageSize=100
[debug] [2025-02-09T17:08:30.817Z] <<< [apiv2][status] GET https://firebase.googleapis.com/v1beta1/projects 200
[debug] [2025-02-09T17:08:30.817Z] <<< [apiv2][body] GET https://firebase.googleapis.com/v1beta1/projects [omitted]
[info] i  Using project angular-app-template-66c6b (angular-app-template) 
[info] 
=== Dataconnect Setup
[debug] [2025-02-09T17:08:31.694Z] Checked if tokens are valid: true, expires at: 1739123907274
[debug] [2025-02-09T17:08:31.694Z] Checked if tokens are valid: true, expires at: 1739123907274
[debug] [2025-02-09T17:08:31.695Z] >>> [apiv2][query] GET https://cloudbilling.googleapis.com/v1/projects/angular-app-template-66c6b/billingInfo [none]
[debug] [2025-02-09T17:08:31.993Z] <<< [apiv2][status] GET https://cloudbilling.googleapis.com/v1/projects/angular-app-template-66c6b/billingInfo 200
[debug] [2025-02-09T17:08:31.994Z] <<< [apiv2][body] GET https://cloudbilling.googleapis.com/v1/projects/angular-app-template-66c6b/billingInfo {"name":"projects/angular-app-template-66c6b/billingInfo","projectId":"angular-app-template-66c6b","billingAccountName":"","billingEnabled":false}
[info] i  dataconnect: ensuring required API sqladmin.googleapis.com is enabled... 
[debug] [2025-02-09T17:08:31.996Z] Checked if tokens are valid: true, expires at: 1739123907274
[debug] [2025-02-09T17:08:31.997Z] Checked if tokens are valid: true, expires at: 1739123907274
[debug] [2025-02-09T17:08:31.997Z] >>> [apiv2][query] GET https://serviceusage.googleapis.com/v1/projects/angular-app-template-66c6b/services/sqladmin.googleapis.com [none]
[debug] [2025-02-09T17:08:31.997Z] >>> [apiv2][(partial)header] GET https://serviceusage.googleapis.com/v1/projects/angular-app-template-66c6b/services/sqladmin.googleapis.com x-goog-quota-user=projects/angular-app-template-66c6b
[debug] [2025-02-09T17:08:32.988Z] <<< [apiv2][status] GET https://serviceusage.googleapis.com/v1/projects/angular-app-template-66c6b/services/sqladmin.googleapis.com 200
[debug] [2025-02-09T17:08:32.988Z] <<< [apiv2][body] GET https://serviceusage.googleapis.com/v1/projects/angular-app-template-66c6b/services/sqladmin.googleapis.com [omitted]
[info] +  dataconnect: required API sqladmin.googleapis.com is enabled 
[info] i  dataconnect\dataconnect.yaml is unchanged 
[info] i  dataconnect\schema\schema.gql is unchanged 
[info] +  Wrote dataconnect\connector\connector.yaml 
[info] i  dataconnect\connector\queries.gql is unchanged 
[info] i  dataconnect\connector\mutations.gql is unchanged 
[info] +  Detected WEB app in directory C:\Users\User\Desktop\techTrekNTT\AngularAppTemplate\app-template-project 
[info] i  Wrote new config to C:\Users\User\Desktop\techTrekNTT\AngularAppTemplate\app-template-project\dataconnect\connector/connector.yaml 
[info] I0209 19:08:36.014373    2964 codegen.go:82] [connector "default" javascriptSdk] Generating sources into "C:\\Users\\User\\Desktop\\techTrekNTT\\AngularAppTemplate\\app-template-project\\dataconnect-generated\\js\\default-connector"
I0209 19:08:36.018285    2964 generate.go:40] Generated all sources. Writing them to disk...
I0209 19:08:36.020380    2964 collector.go:107] connector "default" javascriptSdk wrote into "C:\\Users\\User\\Desktop\\techTrekNTT\\AngularAppTemplate\\app-template-project\\dataconnect-generated\\js\\default-connector"
Generated sources: index.d.ts [261B] esm\index.esm.js [179B] esm\package.json [17B] index.cjs.js [220B] package.json [634B] README.md [2740B] 
I0209 19:08:36.037189    2964 installsdk.go:76] Running command: C:\Program Files\nodejs\npm.cmd install file:dataconnect-generated\js\default-connector

[info] i  Generated SDK code for default 
[info] +  If you'd like to add more generated SDKs to your app your later, run firebase init dataconnect:sdk again 
[info] i  If you'd like to provision a CloudSQL Postgres instance on the Firebase Data Connect no-cost trial:
1. Please upgrade to the pay-as-you-go (Blaze) billing plan. Visit the following page:
     https://console.firebase.google.com/project/angular-app-template-66c6b/usage/details
2. Run firebase init dataconnect again to configure the Cloud SQL instance.
3. Run firebase deploy --only dataconnect to deploy your Data Connect service. 
[info] 
=== Firestore Setup
[debug] [2025-02-09T17:08:38.571Z] Checked if tokens are valid: true, expires at: 1739123907274
[debug] [2025-02-09T17:08:38.571Z] Checked if tokens are valid: true, expires at: 1739123907274
[debug] [2025-02-09T17:08:38.571Z] >>> [apiv2][query] GET https://serviceusage.googleapis.com/v1/projects/angular-app-template-66c6b/services/firestore.googleapis.com [none]
[debug] [2025-02-09T17:08:38.571Z] >>> [apiv2][(partial)header] GET https://serviceusage.googleapis.com/v1/projects/angular-app-template-66c6b/services/firestore.googleapis.com x-goog-quota-user=projects/angular-app-template-66c6b
[debug] [2025-02-09T17:08:38.905Z] <<< [apiv2][status] GET https://serviceusage.googleapis.com/v1/projects/angular-app-template-66c6b/services/firestore.googleapis.com 200
[debug] [2025-02-09T17:08:38.906Z] <<< [apiv2][body] GET https://serviceusage.googleapis.com/v1/projects/angular-app-template-66c6b/services/firestore.googleapis.com [omitted]
[debug] [2025-02-09T17:08:38.906Z] Checked if tokens are valid: true, expires at: 1739123907274
[debug] [2025-02-09T17:08:38.906Z] Checked if tokens are valid: true, expires at: 1739123907274
[debug] [2025-02-09T17:08:38.906Z] >>> [apiv2][query] GET https://firestore.googleapis.com/v1/projects/angular-app-template-66c6b/databases/(default) [none]
[debug] [2025-02-09T17:08:39.223Z] <<< [apiv2][status] GET https://firestore.googleapis.com/v1/projects/angular-app-template-66c6b/databases/(default) 200
[debug] [2025-02-09T17:08:39.224Z] <<< [apiv2][body] GET https://firestore.googleapis.com/v1/projects/angular-app-template-66c6b/databases/(default) {"name":"projects/angular-app-template-66c6b/databases/(default)","uid":"8163bccb-79e8-4d68-b4ba-793b91147867","createTime":"2025-02-09T17:07:47.023414Z","updateTime":"2025-02-09T17:07:47.023414Z","locationId":"eur3","type":"FIRESTORE_NATIVE","concurrencyMode":"PESSIMISTIC","versionRetentionPeriod":"3600s","earliestVersionTime":"2025-02-09T17:07:47.023414Z","appEngineIntegrationMode":"DISABLED","keyPrefix":"e","pointInTimeRecoveryEnablement":"POINT_IN_TIME_RECOVERY_DISABLED","deleteProtectionState":"DELETE_PROTECTION_DISABLED","databaseEdition":"STANDARD","etag":"IKKjsKSKt4sDMLa0gIyKt4sD"}
[debug] [2025-02-09T17:08:39.224Z] database_type: FIRESTORE_NATIVE
[debug] [2025-02-09T17:08:39.224Z] database_type: FIRESTORE_NATIVE
[debug] [2025-02-09T17:08:39.225Z] > command requires scopes: ["email","openid","https://www.googleapis.com/auth/cloudplatformprojects.readonly","https://www.googleapis.com/auth/firebase","https://www.googleapis.com/auth/cloud-platform"]
[debug] [2025-02-09T17:08:39.226Z] > authorizing via signed-in user (fncrobert3@gmail.com)
[debug] [2025-02-09T17:08:39.226Z] [iam] checking project angular-app-template-66c6b for permissions ["firebase.projects.get"]
[debug] [2025-02-09T17:08:39.227Z] Checked if tokens are valid: true, expires at: 1739123907274
[debug] [2025-02-09T17:08:39.228Z] Checked if tokens are valid: true, expires at: 1739123907274
[debug] [2025-02-09T17:08:39.228Z] >>> [apiv2][query] POST https://cloudresourcemanager.googleapis.com/v1/projects/angular-app-template-66c6b:testIamPermissions [none]
[debug] [2025-02-09T17:08:39.228Z] >>> [apiv2][(partial)header] POST https://cloudresourcemanager.googleapis.com/v1/projects/angular-app-template-66c6b:testIamPermissions x-goog-quota-user=projects/angular-app-template-66c6b
[debug] [2025-02-09T17:08:39.229Z] >>> [apiv2][body] POST https://cloudresourcemanager.googleapis.com/v1/projects/angular-app-template-66c6b:testIamPermissions {"permissions":["firebase.projects.get"]}
[debug] [2025-02-09T17:08:40.101Z] <<< [apiv2][status] POST https://cloudresourcemanager.googleapis.com/v1/projects/angular-app-template-66c6b:testIamPermissions 200
[debug] [2025-02-09T17:08:40.102Z] <<< [apiv2][body] POST https://cloudresourcemanager.googleapis.com/v1/projects/angular-app-template-66c6b:testIamPermissions {"permissions":["firebase.projects.get"]}
[info] 
[info] Firestore Security Rules allow you to define how and when to allow
[info] requests. You can keep these rules in your project directory
[info] and publish them with firebase deploy.
[info] 
[debug] [2025-02-09T17:08:50.849Z] Checked if tokens are valid: true, expires at: 1739123907274
[debug] [2025-02-09T17:08:50.850Z] Checked if tokens are valid: true, expires at: 1739123907274
[debug] [2025-02-09T17:08:50.850Z] >>> [apiv2][query] GET https://firebaserules.googleapis.com/v1/projects/angular-app-template-66c6b/releases pageSize=10&pageToken=
[debug] [2025-02-09T17:08:51.665Z] <<< [apiv2][status] GET https://firebaserules.googleapis.com/v1/projects/angular-app-template-66c6b/releases 200
[debug] [2025-02-09T17:08:51.666Z] <<< [apiv2][body] GET https://firebaserules.googleapis.com/v1/projects/angular-app-template-66c6b/releases {"releases":[{"name":"projects/angular-app-template-66c6b/releases/cloud.firestore","rulesetName":"projects/angular-app-template-66c6b/rulesets/869aa1c3-0fbd-47a5-94ca-3761ece6549e","createTime":"2025-02-09T17:07:50.226119Z","updateTime":"2025-02-09T17:07:50.226119Z"}]}
[debug] [2025-02-09T17:08:51.666Z] Found ruleset: projects/angular-app-template-66c6b/rulesets/869aa1c3-0fbd-47a5-94ca-3761ece6549e
[debug] [2025-02-09T17:08:51.667Z] Checked if tokens are valid: true, expires at: 1739123907274
[debug] [2025-02-09T17:08:51.667Z] Checked if tokens are valid: true, expires at: 1739123907274
[debug] [2025-02-09T17:08:51.668Z] >>> [apiv2][query] GET https://firebaserules.googleapis.com/v1/projects/angular-app-template-66c6b/rulesets/869aa1c3-0fbd-47a5-94ca-3761ece6549e [none]
[debug] [2025-02-09T17:08:52.363Z] <<< [apiv2][status] GET https://firebaserules.googleapis.com/v1/projects/angular-app-template-66c6b/rulesets/869aa1c3-0fbd-47a5-94ca-3761ece6549e 200
[debug] [2025-02-09T17:08:52.364Z] <<< [apiv2][body] GET https://firebaserules.googleapis.com/v1/projects/angular-app-template-66c6b/rulesets/869aa1c3-0fbd-47a5-94ca-3761ece6549e [omitted]
[info] 
[info] Firestore indexes allow you to perform complex queries while
[info] maintaining performance that scales with the size of the result
[info] set. You can keep index definitions in your project directory
[info] and publish them with firebase deploy.
[info] 
[debug] [2025-02-09T17:09:00.635Z] Checked if tokens are valid: true, expires at: 1739123907274
[debug] [2025-02-09T17:09:00.635Z] Checked if tokens are valid: true, expires at: 1739123907274
[debug] [2025-02-09T17:09:00.636Z] Checked if tokens are valid: true, expires at: 1739123907274
[debug] [2025-02-09T17:09:00.636Z] Checked if tokens are valid: true, expires at: 1739123907274
[debug] [2025-02-09T17:09:00.636Z] >>> [apiv2][query] GET https://firestore.googleapis.com/v1/projects/angular-app-template-66c6b/databases/(default)/collectionGroups/-/indexes [none]
[debug] [2025-02-09T17:09:00.638Z] >>> [apiv2][query] GET https://firestore.googleapis.com/v1/projects/angular-app-template-66c6b/databases/(default)/collectionGroups/-/fields?filter=indexConfig.usesAncestorConfig=false OR ttlConfig:* [none]
[debug] [2025-02-09T17:09:00.935Z] <<< [apiv2][status] GET https://firestore.googleapis.com/v1/projects/angular-app-template-66c6b/databases/(default)/collectionGroups/-/indexes 200
[debug] [2025-02-09T17:09:00.935Z] <<< [apiv2][body] GET https://firestore.googleapis.com/v1/projects/angular-app-template-66c6b/databases/(default)/collectionGroups/-/indexes {}
[debug] [2025-02-09T17:09:01.286Z] <<< [apiv2][status] GET https://firestore.googleapis.com/v1/projects/angular-app-template-66c6b/databases/(default)/collectionGroups/-/fields?filter=indexConfig.usesAncestorConfig=false OR ttlConfig:* 200
[debug] [2025-02-09T17:09:01.287Z] <<< [apiv2][body] GET https://firestore.googleapis.com/v1/projects/angular-app-template-66c6b/databases/(default)/collectionGroups/-/fields?filter=indexConfig.usesAncestorConfig=false OR ttlConfig:* {"fields":[{"name":"projects/angular-app-template-66c6b/databases/(default)/collectionGroups/__default__/fields/*","indexConfig":{"indexes":[{"queryScope":"COLLECTION","fields":[{"fieldPath":"*","order":"ASCENDING"}],"state":"READY"},{"queryScope":"COLLECTION","fields":[{"fieldPath":"*","order":"DESCENDING"}],"state":"READY"},{"queryScope":"COLLECTION","fields":[{"fieldPath":"*","arrayConfig":"CONTAINS"}],"state":"READY"}]}}]}
[info] 
=== Genkit Setup
[debug] [2025-02-09T17:09:04.117Z] > command requires scopes: ["email","openid","https://www.googleapis.com/auth/cloudplatformprojects.readonly","https://www.googleapis.com/auth/firebase","https://www.googleapis.com/auth/cloud-platform"]
[debug] [2025-02-09T17:09:04.117Z] > authorizing via signed-in user (fncrobert3@gmail.com)
[debug] [2025-02-09T17:09:04.118Z] [iam] checking project angular-app-template-66c6b for permissions ["firebase.projects.get"]
[debug] [2025-02-09T17:09:04.118Z] Checked if tokens are valid: true, expires at: 1739123907274
[debug] [2025-02-09T17:09:04.118Z] Checked if tokens are valid: true, expires at: 1739123907274
[debug] [2025-02-09T17:09:04.119Z] >>> [apiv2][query] POST https://cloudresourcemanager.googleapis.com/v1/projects/angular-app-template-66c6b:testIamPermissions [none]
[debug] [2025-02-09T17:09:04.119Z] >>> [apiv2][(partial)header] POST https://cloudresourcemanager.googleapis.com/v1/projects/angular-app-template-66c6b:testIamPermissions x-goog-quota-user=projects/angular-app-template-66c6b
[debug] [2025-02-09T17:09:04.119Z] >>> [apiv2][body] POST https://cloudresourcemanager.googleapis.com/v1/projects/angular-app-template-66c6b:testIamPermissions {"permissions":["firebase.projects.get"]}
[debug] [2025-02-09T17:09:04.909Z] <<< [apiv2][status] POST https://cloudresourcemanager.googleapis.com/v1/projects/angular-app-template-66c6b:testIamPermissions 200
[debug] [2025-02-09T17:09:04.909Z] <<< [apiv2][body] POST https://cloudresourcemanager.googleapis.com/v1/projects/angular-app-template-66c6b:testIamPermissions {"permissions":["firebase.projects.get"]}
[debug] [2025-02-09T17:09:04.909Z] Checked if tokens are valid: true, expires at: 1739123907274
[debug] [2025-02-09T17:09:04.910Z] Checked if tokens are valid: true, expires at: 1739123907274
[debug] [2025-02-09T17:09:04.910Z] Checked if tokens are valid: true, expires at: 1739123907274
[debug] [2025-02-09T17:09:04.910Z] Checked if tokens are valid: true, expires at: 1739123907274
[debug] [2025-02-09T17:09:04.910Z] >>> [apiv2][query] GET https://serviceusage.googleapis.com/v1/projects/angular-app-template-66c6b/services/cloudfunctions.googleapis.com [none]
[debug] [2025-02-09T17:09:04.910Z] >>> [apiv2][(partial)header] GET https://serviceusage.googleapis.com/v1/projects/angular-app-template-66c6b/services/cloudfunctions.googleapis.com x-goog-quota-user=projects/angular-app-template-66c6b
[debug] [2025-02-09T17:09:04.913Z] >>> [apiv2][query] GET https://serviceusage.googleapis.com/v1/projects/angular-app-template-66c6b/services/runtimeconfig.googleapis.com [none]
[debug] [2025-02-09T17:09:04.913Z] >>> [apiv2][(partial)header] GET https://serviceusage.googleapis.com/v1/projects/angular-app-template-66c6b/services/runtimeconfig.googleapis.com x-goog-quota-user=projects/angular-app-template-66c6b
[debug] [2025-02-09T17:09:05.914Z] <<< [apiv2][status] GET https://serviceusage.googleapis.com/v1/projects/angular-app-template-66c6b/services/runtimeconfig.googleapis.com 200
[debug] [2025-02-09T17:09:05.914Z] <<< [apiv2][body] GET https://serviceusage.googleapis.com/v1/projects/angular-app-template-66c6b/services/runtimeconfig.googleapis.com [omitted]
[debug] [2025-02-09T17:09:05.923Z] <<< [apiv2][status] GET https://serviceusage.googleapis.com/v1/projects/angular-app-template-66c6b/services/cloudfunctions.googleapis.com 200
[debug] [2025-02-09T17:09:05.923Z] <<< [apiv2][body] GET https://serviceusage.googleapis.com/v1/projects/angular-app-template-66c6b/services/cloudfunctions.googleapis.com [omitted]
[debug] [2025-02-09T17:09:05.924Z] Checked if tokens are valid: true, expires at: 1739123907274
[debug] [2025-02-09T17:09:05.924Z] Checked if tokens are valid: true, expires at: 1739123907274
[debug] [2025-02-09T17:09:05.925Z] >>> [apiv2][query] POST https://serviceusage.googleapis.com/v1/projects/angular-app-template-66c6b/services/cloudfunctions.googleapis.com:enable [none]
[debug] [2025-02-09T17:09:05.925Z] >>> [apiv2][(partial)header] POST https://serviceusage.googleapis.com/v1/projects/angular-app-template-66c6b/services/cloudfunctions.googleapis.com:enable x-goog-quota-user=projects/angular-app-template-66c6b
[debug] [2025-02-09T17:09:07.081Z] <<< [apiv2][status] POST https://serviceusage.googleapis.com/v1/projects/angular-app-template-66c6b/services/cloudfunctions.googleapis.com:enable 200
[debug] [2025-02-09T17:09:07.082Z] <<< [apiv2][body] POST https://serviceusage.googleapis.com/v1/projects/angular-app-template-66c6b/services/cloudfunctions.googleapis.com:enable [omitted]
[debug] [2025-02-09T17:09:17.095Z] Checked if tokens are valid: true, expires at: 1739123907274
[debug] [2025-02-09T17:09:17.096Z] Checked if tokens are valid: true, expires at: 1739123907274
[debug] [2025-02-09T17:09:17.096Z] >>> [apiv2][query] GET https://serviceusage.googleapis.com/v1/projects/angular-app-template-66c6b/services/cloudfunctions.googleapis.com [none]
[debug] [2025-02-09T17:09:17.096Z] >>> [apiv2][(partial)header] GET https://serviceusage.googleapis.com/v1/projects/angular-app-template-66c6b/services/cloudfunctions.googleapis.com x-goog-quota-user=projects/angular-app-template-66c6b
[debug] [2025-02-09T17:09:18.072Z] <<< [apiv2][status] GET https://serviceusage.googleapis.com/v1/projects/angular-app-template-66c6b/services/cloudfunctions.googleapis.com 200
[debug] [2025-02-09T17:09:18.072Z] <<< [apiv2][body] GET https://serviceusage.googleapis.com/v1/projects/angular-app-template-66c6b/services/cloudfunctions.googleapis.com [omitted]
[info] Let's create a new codebase for your functions.
[info] A directory corresponding to the codebase will be created in your project
[info] with sample code pre-configured.

[info] See https://firebase.google.com/docs/functions/organize-functions for
[info] more information on organizing your functions using codebases.

[info] Functions can be deployed with firebase deploy.

[info] +  Wrote functions/package.json 
[info] +  Wrote functions/.eslintrc.js 
[info] +  Wrote functions/tsconfig.json 
[info] +  Wrote functions/tsconfig.dev.json 
[info] +  Wrote functions/src/index.ts 
[info] +  Wrote functions/.gitignore 
[info] 
[info] i  genkit: Installing Genkit CLI version 1.0.4
 
[info] i  genkit: Installing NPM packages for genkit 
[info] +  genkit: Successfully installed NPM packages 
[info] i  genkit: Updating tsconfig.json 
[info] +  genkit: Successfully updated tsconfig.json 
[info] i  genkit: Updating package.json 
[info] +  genkit: Successfully updated package.json 
[info] i  genkit: Generating sample file 
[info] +  genkit: Successfully generated sample file (src/genkit-sample.ts) 
[info] Start the Genkit developer experience by running:
[info]     cd functions && npm run genkit:start
[info] 
=== Functions Setup
[debug] [2025-02-09T17:12:15.166Z] > command requires scopes: ["email","openid","https://www.googleapis.com/auth/cloudplatformprojects.readonly","https://www.googleapis.com/auth/firebase","https://www.googleapis.com/auth/cloud-platform"]
[debug] [2025-02-09T17:12:15.167Z] > authorizing via signed-in user (fncrobert3@gmail.com)
[debug] [2025-02-09T17:12:15.167Z] [iam] checking project angular-app-template-66c6b for permissions ["firebase.projects.get"]
[debug] [2025-02-09T17:12:15.167Z] Checked if tokens are valid: true, expires at: 1739123907274
[debug] [2025-02-09T17:12:15.167Z] Checked if tokens are valid: true, expires at: 1739123907274
[debug] [2025-02-09T17:12:15.167Z] >>> [apiv2][query] POST https://cloudresourcemanager.googleapis.com/v1/projects/angular-app-template-66c6b:testIamPermissions [none]
[debug] [2025-02-09T17:12:15.167Z] >>> [apiv2][(partial)header] POST https://cloudresourcemanager.googleapis.com/v1/projects/angular-app-template-66c6b:testIamPermissions x-goog-quota-user=projects/angular-app-template-66c6b
[debug] [2025-02-09T17:12:15.167Z] >>> [apiv2][body] POST https://cloudresourcemanager.googleapis.com/v1/projects/angular-app-template-66c6b:testIamPermissions {"permissions":["firebase.projects.get"]}
[debug] [2025-02-09T17:12:15.959Z] <<< [apiv2][status] POST https://cloudresourcemanager.googleapis.com/v1/projects/angular-app-template-66c6b:testIamPermissions 200
[debug] [2025-02-09T17:12:15.959Z] <<< [apiv2][body] POST https://cloudresourcemanager.googleapis.com/v1/projects/angular-app-template-66c6b:testIamPermissions {"permissions":["firebase.projects.get"]}
[debug] [2025-02-09T17:12:15.959Z] Checked if tokens are valid: true, expires at: 1739123907274
[debug] [2025-02-09T17:12:15.959Z] Checked if tokens are valid: true, expires at: 1739123907274
[debug] [2025-02-09T17:12:15.959Z] Checked if tokens are valid: true, expires at: 1739123907274
[debug] [2025-02-09T17:12:15.960Z] Checked if tokens are valid: true, expires at: 1739123907274
[debug] [2025-02-09T17:12:15.960Z] >>> [apiv2][query] GET https://serviceusage.googleapis.com/v1/projects/angular-app-template-66c6b/services/cloudfunctions.googleapis.com [none]
[debug] [2025-02-09T17:12:15.960Z] >>> [apiv2][(partial)header] GET https://serviceusage.googleapis.com/v1/projects/angular-app-template-66c6b/services/cloudfunctions.googleapis.com x-goog-quota-user=projects/angular-app-template-66c6b
[debug] [2025-02-09T17:12:15.963Z] >>> [apiv2][query] GET https://serviceusage.googleapis.com/v1/projects/angular-app-template-66c6b/services/runtimeconfig.googleapis.com [none]
[debug] [2025-02-09T17:12:15.963Z] >>> [apiv2][(partial)header] GET https://serviceusage.googleapis.com/v1/projects/angular-app-template-66c6b/services/runtimeconfig.googleapis.com x-goog-quota-user=projects/angular-app-template-66c6b
[debug] [2025-02-09T17:12:16.599Z] <<< [apiv2][status] GET https://serviceusage.googleapis.com/v1/projects/angular-app-template-66c6b/services/runtimeconfig.googleapis.com 200
[debug] [2025-02-09T17:12:16.599Z] <<< [apiv2][body] GET https://serviceusage.googleapis.com/v1/projects/angular-app-template-66c6b/services/runtimeconfig.googleapis.com [omitted]
[debug] [2025-02-09T17:12:17.017Z] <<< [apiv2][status] GET https://serviceusage.googleapis.com/v1/projects/angular-app-template-66c6b/services/cloudfunctions.googleapis.com 200
[debug] [2025-02-09T17:12:17.017Z] <<< [apiv2][body] GET https://serviceusage.googleapis.com/v1/projects/angular-app-template-66c6b/services/cloudfunctions.googleapis.com [omitted]
[info] 
Detected existing codebase(s): default

[info] Let's create a new codebase for your functions.
[info] A directory corresponding to the codebase will be created in your project
[info] with sample code pre-configured.

[info] See https://firebase.google.com/docs/functions/organize-functions for
[info] more information on organizing your functions using codebases.

[info] Functions can be deployed with firebase deploy.

[error] Invalid codebase name. Codebase must be less than 64 characters and can contain only lowercase letters, numeric characters, underscores, and dashes.
[info] +  Wrote public/package.json 
[info] +  Wrote public/.eslintrc.js 
[info] +  Wrote public/tsconfig.json 
[info] +  Wrote public/tsconfig.dev.json 
[info] +  Wrote public/src/index.ts 
[info] +  Wrote public/.gitignore 
[info] 
=== Apphosting Setup
[debug] [2025-02-09T17:13:19.630Z] Checked if tokens are valid: true, expires at: 1739123907274
[debug] [2025-02-09T17:13:19.630Z] Checked if tokens are valid: true, expires at: 1739123907274
[debug] [2025-02-09T17:13:19.630Z] >>> [apiv2][query] GET https://cloudbilling.googleapis.com/v1/projects/angular-app-template-66c6b/billingInfo [none]
[debug] [2025-02-09T17:13:19.948Z] <<< [apiv2][status] GET https://cloudbilling.googleapis.com/v1/projects/angular-app-template-66c6b/billingInfo 200
[debug] [2025-02-09T17:13:19.948Z] <<< [apiv2][body] GET https://cloudbilling.googleapis.com/v1/projects/angular-app-template-66c6b/billingInfo {"name":"projects/angular-app-template-66c6b/billingInfo","projectId":"angular-app-template-66c6b","billingAccountName":"","billingEnabled":false}
[info] i  Writing default settings to apphosting.yaml... 
[info] +  Wrote apphosting.yaml 
[info] +  Create a new App Hosting backend with `firebase apphosting:backends:create` 
[info] 
=== Hosting Setup
[debug] [2025-02-09T17:13:19.952Z] Checked if tokens are valid: true, expires at: 1739123907274
[debug] [2025-02-09T17:13:19.952Z] Checked if tokens are valid: true, expires at: 1739123907274
[debug] [2025-02-09T17:13:19.952Z] >>> [apiv2][query] GET https://firebase.googleapis.com/v1beta1/projects/angular-app-template-66c6b [none]
[debug] [2025-02-09T17:13:20.300Z] <<< [apiv2][status] GET https://firebase.googleapis.com/v1beta1/projects/angular-app-template-66c6b 200
[debug] [2025-02-09T17:13:20.301Z] <<< [apiv2][body] GET https://firebase.googleapis.com/v1beta1/projects/angular-app-template-66c6b {"projectId":"angular-app-template-66c6b","projectNumber":"772016665122","displayName":"angular-app-template","name":"projects/angular-app-template-66c6b","resources":{"hostingSite":"angular-app-template-66c6b"},"state":"ACTIVE","etag":"1_95a7891e-a86e-4c0c-8fea-5f63b289e84d"}
[info] 
[info] Your public directory is the folder (relative to your project directory) that
[info] will contain Hosting assets to be uploaded with firebase deploy. If you
[info] have a build process for your assets, use your build's output directory.
[info] 
[debug] [2025-02-09T17:13:49.993Z] >>> [apiv2][query] GET https://www.gstatic.com/firebasejs/releases.json [none]
[debug] [2025-02-09T17:13:50.119Z] <<< [apiv2][status] GET https://www.gstatic.com/firebasejs/releases.json 200
[debug] [2025-02-09T17:13:50.119Z] <<< [apiv2][body] GET https://www.gstatic.com/firebasejs/releases.json {"current":{"version":"11.3.0","browserURL":"https://www.gstatic.com/firebasejs/11.3.0/firebase.js","packageURL":"https://www.gstatic.com/firebasejs/11.3.0/firebase.tgz"},"live":{"version":"11.3","browserURL":"https://www.gstatic.com/firebasejs/live/11.3/firebase.js","packageURL":"https://www.gstatic.com/firebasejs/live/11.3/firebase.tgz"},"components":{"analytics":"https://www.gstatic.com/firebasejs/11.3.0/firebase-analytics.js","app":"https://www.gstatic.com/firebasejs/11.3.0/firebase-app.js","app-check":"https://www.gstatic.com/firebasejs/11.3.0/firebase-app-check.js","auth":"https://www.gstatic.com/firebasejs/11.3.0/firebase-auth.js","auth/cordova":"https://www.gstatic.com/firebasejs/11.3.0/firebase-auth/cordova.js","auth/web-extension":"https://www.gstatic.com/firebasejs/11.3.0/firebase-auth/web-extension.js","functions":"https://www.gstatic.com/firebasejs/11.3.0/firebase-functions.js","firestore":"https://www.gstatic.com/firebasejs/11.3.0/firebase-firestore.js","firestore/lite":"https://www.gstatic.com/firebasejs/11.3.0/firebase-firestore/lite.js","installations":"https://www.gstatic.com/firebasejs/11.3.0/firebase-installations.js","storage":"https://www.gstatic.com/firebasejs/11.3.0/firebase-storage.js","performance":"https://www.gstatic.com/firebasejs/11.3.0/firebase-performance.js","remote-config":"https://www.gstatic.com/firebasejs/11.3.0/firebase-remote-config.js","messaging":"https://www.gstatic.com/firebasejs/11.3.0/firebase-messaging.js","messaging/sw":"https://www.gstatic.com/firebasejs/11.3.0/firebase-messaging/sw.js","database":"https://www.gstatic.com/firebasejs/11.3.0/firebase-database.js","vertexai":"https://www.gstatic.com/firebasejs/11.3.0/firebase-vertexai.js","data-connect":"https://www.gstatic.com/firebasejs/11.3.0/firebase-data-connect.js","firestore.memory":"https://www.gstatic.com/firebasejs/11.3.0/firebase-firestore.memory.js"}}
[info] +  Wrote public/index.html 
[info] 
[info] i  Detected a .git folder at C:\Users\User\Desktop\techTrekNTT\AngularAppTemplate 
[info] i  Authorizing with GitHub to upload your service account to a GitHub repository's secrets store. 
[info] 
[info] Visit this URL on this device to log in:
[info] https://github.com/login/oauth/authorize?client_id=89cf50f02ac6aaed3484&state=736550663&redirect_uri=http%3A%2F%2Flocalhost%3A9005&scope=read%3Auser%20repo%20public_repo
[info] 
[info] Waiting for authentication...
[debug] [2025-02-09T17:14:21.092Z] >>> [apiv2][query] POST https://github.com/login/oauth/access_token [none]
[debug] [2025-02-09T17:14:21.092Z] >>> [apiv2][body] POST https://github.com/login/oauth/access_token [stream]
[debug] [2025-02-09T17:14:21.429Z] <<< [apiv2][status] POST https://github.com/login/oauth/access_token 200
[debug] [2025-02-09T17:14:21.430Z] <<< [apiv2][body] POST https://github.com/login/oauth/access_token {"access_token":"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","token_type":"bearer","scope":"read:user,repo"}
[debug] [2025-02-09T17:14:21.441Z] >>> [apiv2][query] GET https://api.github.com/user [none]
[debug] [2025-02-09T17:14:21.775Z] <<< [apiv2][status] GET https://api.github.com/user 200
[debug] [2025-02-09T17:14:21.775Z] <<< [apiv2][body] GET https://api.github.com/user {"login":"GengiuRobert","id":127054806,"node_id":"U_kgDOB5Kz1g","avatar_url":"https://avatars.githubusercontent.com/u/127054806?v=4","gravatar_id":"","url":"https://api.github.com/users/GengiuRobert","html_url":"https://github.com/GengiuRobert","followers_url":"https://api.github.com/users/GengiuRobert/followers","following_url":"https://api.github.com/users/GengiuRobert/following{/other_user}","gists_url":"https://api.github.com/users/GengiuRobert/gists{/gist_id}","starred_url":"https://api.github.com/users/GengiuRobert/starred{/owner}{/repo}","subscriptions_url":"https://api.github.com/users/GengiuRobert/subscriptions","organizations_url":"https://api.github.com/users/GengiuRobert/orgs","repos_url":"https://api.github.com/users/GengiuRobert/repos","events_url":"https://api.github.com/users/GengiuRobert/events{/privacy}","received_events_url":"https://api.github.com/users/GengiuRobert/received_events","type":"User","user_view_type":"private","site_admin":false,"name":null,"company":null,"blog":"","location":null,"email":null,"hireable":null,"bio":null,"twitter_username":null,"notification_email":null,"public_repos":37,"public_gists":0,"followers":2,"following":0,"created_at":"2023-03-05T20:48:29Z","updated_at":"2025-02-03T10:17:18Z","private_gists":0,"total_private_repos":0,"owned_private_repos":0,"disk_usage":215039,"collaborators":0,"two_factor_authentication":false,"plan":{"name":"free","space":976562499,"collaborators":0,"private_repos":10000}}
[info] 
[info] +  Success! Logged into GitHub as GengiuRobert 
[info] 
[debug] [2025-02-09T17:14:45.811Z] >>> [apiv2][query] GET https://api.github.com/repos/user/AngularAppTemplate/actions/secrets/public-key type=owner
[debug] [2025-02-09T17:14:46.144Z] <<< [apiv2][status] GET https://api.github.com/repos/user/AngularAppTemplate/actions/secrets/public-key 404
[debug] [2025-02-09T17:14:46.144Z] <<< [apiv2][body] GET https://api.github.com/repos/user/AngularAppTemplate/actions/secrets/public-key {"message":"Not Found","documentation_url":"https://docs.github.com/rest/actions/secrets#get-a-repository-public-key","status":"404"}
[info] 
[info] 
[error] !  The provided authorization cannot be used with this repository. If this repository is in an organization, did you remember to grant access? 
[info] 
[info] i  Action required: Visit this URL to ensure access has been granted to the appropriate organization(s) for the Firebase CLI GitHub OAuth App: 
[info] https://github.com/settings/connections/applications/89cf50f02ac6aaed3484
[info] 
[debug] [2025-02-09T17:15:00.661Z] >>> [apiv2][query] GET https://api.github.com/repos/user/AngularAppTemplate/actions/secrets/public-key type=owner
[debug] [2025-02-09T17:15:00.989Z] <<< [apiv2][status] GET https://api.github.com/repos/user/AngularAppTemplate/actions/secrets/public-key 404
[debug] [2025-02-09T17:15:00.989Z] <<< [apiv2][body] GET https://api.github.com/repos/user/AngularAppTemplate/actions/secrets/public-key {"message":"Not Found","documentation_url":"https://docs.github.com/rest/actions/secrets#get-a-repository-public-key","status":"404"}
[info] 
[info] 
[error] !  The provided authorization cannot be used with this repository. If this repository is in an organization, did you remember to grant access? 
[info] 
[info] i  Action required: Visit this URL to ensure access has been granted to the appropriate organization(s) for the Firebase CLI GitHub OAuth App: 
[info] https://github.com/settings/connections/applications/89cf50f02ac6aaed3484
[info] 
